
DESKTOP-DN35MHE	Wed Oct 30 01:01:57 2019
	Shutting down the server with 1 active connection(s) to 1 database(s), 0 active service(s)


DESKTOP-DN35MHE	Tue Nov 12 20:14:53 2019
	Shutting down the server with 1 active connection(s) to 1 database(s), 0 active service(s)


LAPTOP-1C3AB0AA	Tue Nov 12 21:08:50 2019
	Shutting down the server with 1 active connection(s) to 1 database(s), 0 active service(s)


LAPTOP-1C3AB0AA	Tue Nov 12 21:15:37 2019
	Shutting down the server with 1 active connection(s) to 1 database(s), 0 active service(s)


LAPTOP-1C3AB0AA	Tue Nov 12 21:22:40 2019
	Shutting down the server with 1 active connection(s) to 1 database(s), 0 active service(s)


LAPTOP-1C3AB0AA	Tue Nov 12 21:26:43 2019
	Shutting down the server with 1 active connection(s) to 1 database(s), 0 active service(s)


LAPTOP-1C3AB0AA	Tue Nov 12 21:30:50 2019
	Shutting down the server with 1 active connection(s) to 1 database(s), 0 active service(s)


LAPTOP-1C3AB0AA	Tue Nov 12 21:31:46 2019
	Shutting down the server with 1 active connection(s) to 1 database(s), 0 active service(s)


LAPTOP-1C3AB0AA	Tue Nov 12 21:36:51 2019
	Shutting down the server with 1 active connection(s) to 1 database(s), 0 active service(s)


LAPTOP-1C3AB0AA	Tue Nov 12 21:40:35 2019
	Shutting down the server with 1 active connection(s) to 1 database(s), 0 active service(s)


LAPTOP-1C3AB0AA	Fri Nov 22 18:25:05 2019
	Shutting down the server with 1 active connection(s) to 1 database(s), 0 active service(s)


LAPTOP-1C3AB0AA	Mon Nov 25 13:20:19 2019
	Shutting down the server with 1 active connection(s) to 1 database(s), 0 active service(s)


LAPTOP-1C3AB0AA	Mon Nov 25 13:20:31 2019
	Shutting down the server with 1 active connection(s) to 1 database(s), 0 active service(s)


LAPTOP-1C3AB0AA	Mon Nov 25 14:09:49 2019
	Shutting down the server with 1 active connection(s) to 1 database(s), 0 active service(s)


LAPTOP-1C3AB0AA	Mon Nov 25 14:12:20 2019
	Shutting down the server with 1 active connection(s) to 1 database(s), 0 active service(s)


LAPTOP-1C3AB0AA	Mon Nov 25 14:13:31 2019
	Shutting down the server with 1 active connection(s) to 1 database(s), 0 active service(s)


LAPTOP-1C3AB0AA	Mon Nov 25 14:15:53 2019
	Shutting down the server with 1 active connection(s) to 1 database(s), 0 active service(s)


LAPTOP-1C3AB0AA	Mon Nov 25 14:16:50 2019
	Shutting down the server with 1 active connection(s) to 1 database(s), 0 active service(s)


LAPTOP-1C3AB0AA	Mon Nov 25 14:19:32 2019
	Shutting down the server with 1 active connection(s) to 1 database(s), 0 active service(s)


LAPTOP-1C3AB0AA	Mon Nov 25 14:22:08 2019
	Shutting down the server with 1 active connection(s) to 1 database(s), 0 active service(s)


LAPTOP-1C3AB0AA	Mon Nov 25 14:27:14 2019
	Shutting down the server with 1 active connection(s) to 1 database(s), 0 active service(s)


LAPTOP-1C3AB0AA	Mon Nov 25 14:29:15 2019
	Shutting down the server with 1 active connection(s) to 1 database(s), 0 active service(s)


LAPTOP-1C3AB0AA	Wed Nov 27 10:22:08 2019
	Shutting down the server with 1 active connection(s) to 1 database(s), 0 active service(s)


LAPTOP-1C3AB0AA	Wed Nov 27 10:29:41 2019
	Shutting down the server with 1 active connection(s) to 1 database(s), 0 active service(s)


LAPTOP-1C3AB0AA	Wed Nov 27 11:06:28 2019
	Shutting down the server with 1 active connection(s) to 1 database(s), 0 active service(s)


LAPTOP-1C3AB0AA	Wed Nov 27 11:07:13 2019
	Shutting down the server with 1 active connection(s) to 1 database(s), 0 active service(s)


LAPTOP-1C3AB0AA	Wed Nov 27 11:09:53 2019
	Shutting down the server with 1 active connection(s) to 1 database(s), 0 active service(s)


LAPTOP-1C3AB0AA	Wed Nov 27 11:10:29 2019
	Shutting down the server with 1 active connection(s) to 1 database(s), 0 active service(s)


LAPTOP-1C3AB0AA	Wed Nov 27 11:11:13 2019
	Shutting down the server with 1 active connection(s) to 1 database(s), 0 active service(s)


LAPTOP-1C3AB0AA	Wed Nov 27 11:12:15 2019
	Shutting down the server with 1 active connection(s) to 1 database(s), 0 active service(s)


LAPTOP-1C3AB0AA	Wed Nov 27 11:12:29 2019
	Shutting down the server with 1 active connection(s) to 1 database(s), 0 active service(s)


LAPTOP-1C3AB0AA	Wed Nov 27 11:30:35 2019
	Shutting down the server with 1 active connection(s) to 1 database(s), 0 active service(s)


LAPTOP-1C3AB0AA	Wed Nov 27 11:30:52 2019
	Shutting down the server with 1 active connection(s) to 1 database(s), 0 active service(s)


LAPTOP-1C3AB0AA	Wed Nov 27 11:32:11 2019
	Shutting down the server with 1 active connection(s) to 1 database(s), 0 active service(s)


LAPTOP-1C3AB0AA	Wed Nov 27 11:35:05 2019
	Shutting down the server with 1 active connection(s) to 1 database(s), 0 active service(s)


LAPTOP-1C3AB0AA	Wed Nov 27 11:36:44 2019
	Shutting down the server with 1 active connection(s) to 1 database(s), 0 active service(s)


LAPTOP-1C3AB0AA	Wed Nov 27 11:37:56 2019
	Shutting down the server with 1 active connection(s) to 1 database(s), 0 active service(s)


LAPTOP-1C3AB0AA	Wed Nov 27 11:38:25 2019
	Shutting down the server with 1 active connection(s) to 1 database(s), 0 active service(s)


LAPTOP-1C3AB0AA	Wed Nov 27 11:38:51 2019
	Shutting down the server with 1 active connection(s) to 1 database(s), 0 active service(s)


LAPTOP-1C3AB0AA	Wed Nov 27 11:39:16 2019
	Shutting down the server with 1 active connection(s) to 1 database(s), 0 active service(s)


LAPTOP-1C3AB0AA	Wed Nov 27 11:39:46 2019
	Shutting down the server with 1 active connection(s) to 1 database(s), 0 active service(s)


LAPTOP-1C3AB0AA	Wed Nov 27 11:42:07 2019
	Shutting down the server with 1 active connection(s) to 1 database(s), 0 active service(s)


LAPTOP-1C3AB0AA	Wed Nov 27 11:42:19 2019
	Shutting down the server with 1 active connection(s) to 1 database(s), 0 active service(s)


LAPTOP-1C3AB0AA	Wed Nov 27 11:42:44 2019
	Shutting down the server with 1 active connection(s) to 1 database(s), 0 active service(s)


LAPTOP-1C3AB0AA	Wed Nov 27 11:43:10 2019
	Shutting down the server with 1 active connection(s) to 1 database(s), 0 active service(s)


LAPTOP-1C3AB0AA	Wed Nov 27 11:44:45 2019
	Shutting down the server with 1 active connection(s) to 1 database(s), 0 active service(s)


LAPTOP-1C3AB0AA	Wed Nov 27 11:45:50 2019
	Shutting down the server with 1 active connection(s) to 1 database(s), 0 active service(s)


LAPTOP-1C3AB0AA	Wed Nov 27 11:46:16 2019
	Shutting down the server with 1 active connection(s) to 1 database(s), 0 active service(s)


LAPTOP-1C3AB0AA	Wed Nov 27 11:47:04 2019
	Shutting down the server with 1 active connection(s) to 1 database(s), 0 active service(s)


LAPTOP-1C3AB0AA	Wed Nov 27 11:47:18 2019
	Shutting down the server with 1 active connection(s) to 1 database(s), 0 active service(s)


LAPTOP-1C3AB0AA	Wed Nov 27 11:47:48 2019
	Shutting down the server with 1 active connection(s) to 1 database(s), 0 active service(s)


LAPTOP-1C3AB0AA	Wed Nov 27 11:48:35 2019
	Shutting down the server with 1 active connection(s) to 1 database(s), 0 active service(s)


LAPTOP-1C3AB0AA	Wed Nov 27 11:49:48 2019
	Shutting down the server with 1 active connection(s) to 1 database(s), 0 active service(s)


LAPTOP-1C3AB0AA	Wed Nov 27 11:50:22 2019
	Shutting down the server with 1 active connection(s) to 1 database(s), 0 active service(s)


LAPTOP-1C3AB0AA	Wed Nov 27 11:51:31 2019
	Shutting down the server with 1 active connection(s) to 1 database(s), 0 active service(s)


LAPTOP-1C3AB0AA	Wed Nov 27 12:01:51 2019
	Shutting down the server with 1 active connection(s) to 1 database(s), 0 active service(s)


LAPTOP-1C3AB0AA	Wed Nov 27 12:04:11 2019
	Shutting down the server with 1 active connection(s) to 1 database(s), 0 active service(s)


LAPTOP-1C3AB0AA	Wed Nov 27 12:04:55 2019
	Shutting down the server with 1 active connection(s) to 1 database(s), 0 active service(s)


LAPTOP-1C3AB0AA	Wed Nov 27 12:05:18 2019
	Shutting down the server with 1 active connection(s) to 1 database(s), 0 active service(s)


LAPTOP-1C3AB0AA	Wed Nov 27 12:05:28 2019
	Shutting down the server with 1 active connection(s) to 1 database(s), 0 active service(s)


LAPTOP-1C3AB0AA	Wed Nov 27 12:14:01 2019
	Shutting down the server with 1 active connection(s) to 1 database(s), 0 active service(s)


LAPTOP-1C3AB0AA	Wed Nov 27 12:14:15 2019
	Shutting down the server with 1 active connection(s) to 1 database(s), 0 active service(s)


LAPTOP-1C3AB0AA	Wed Nov 27 12:17:17 2019
	Shutting down the server with 1 active connection(s) to 1 database(s), 0 active service(s)


LAPTOP-1C3AB0AA	Wed Nov 27 12:18:00 2019
	Shutting down the server with 1 active connection(s) to 1 database(s), 0 active service(s)


LAPTOP-1C3AB0AA	Wed Nov 27 12:18:18 2019
	Shutting down the server with 1 active connection(s) to 1 database(s), 0 active service(s)


LAPTOP-1C3AB0AA	Wed Nov 27 12:18:56 2019
	Shutting down the server with 1 active connection(s) to 1 database(s), 0 active service(s)


LAPTOP-1C3AB0AA	Wed Nov 27 12:21:10 2019
	Shutting down the server with 1 active connection(s) to 1 database(s), 0 active service(s)


LAPTOP-1C3AB0AA	Wed Nov 27 12:23:49 2019
	Shutting down the server with 1 active connection(s) to 1 database(s), 0 active service(s)


LAPTOP-1C3AB0AA	Wed Nov 27 12:24:52 2019
	Shutting down the server with 1 active connection(s) to 1 database(s), 0 active service(s)


LAPTOP-1C3AB0AA	Wed Nov 27 12:25:05 2019
	Shutting down the server with 1 active connection(s) to 1 database(s), 0 active service(s)


LAPTOP-1C3AB0AA	Wed Nov 27 12:27:48 2019
	Shutting down the server with 1 active connection(s) to 1 database(s), 0 active service(s)


LAPTOP-1C3AB0AA	Wed Nov 27 12:28:01 2019
	Shutting down the server with 1 active connection(s) to 1 database(s), 0 active service(s)


LAPTOP-1C3AB0AA	Wed Nov 27 12:28:20 2019
	Shutting down the server with 1 active connection(s) to 1 database(s), 0 active service(s)


LAPTOP-1C3AB0AA	Wed Nov 27 12:28:35 2019
	Shutting down the server with 1 active connection(s) to 1 database(s), 0 active service(s)


LAPTOP-1C3AB0AA	Wed Nov 27 12:28:51 2019
	Shutting down the server with 1 active connection(s) to 1 database(s), 0 active service(s)


LAPTOP-1C3AB0AA	Wed Nov 27 12:29:28 2019
	Shutting down the server with 1 active connection(s) to 1 database(s), 0 active service(s)


LAPTOP-1C3AB0AA	Wed Nov 27 12:40:11 2019
	Shutting down the server with 1 active connection(s) to 1 database(s), 0 active service(s)


LAPTOP-1C3AB0AA	Wed Nov 27 12:41:27 2019
	Shutting down the server with 1 active connection(s) to 1 database(s), 0 active service(s)


LAPTOP-1C3AB0AA	Wed Nov 27 12:42:32 2019
	Shutting down the server with 1 active connection(s) to 1 database(s), 0 active service(s)


LAPTOP-1C3AB0AA	Wed Nov 27 12:45:40 2019
	Shutting down the server with 1 active connection(s) to 1 database(s), 0 active service(s)


LAPTOP-1C3AB0AA	Wed Nov 27 12:46:52 2019
	Shutting down the server with 1 active connection(s) to 1 database(s), 0 active service(s)


LAPTOP-1C3AB0AA	Wed Nov 27 12:47:30 2019
	Shutting down the server with 1 active connection(s) to 1 database(s), 0 active service(s)


LAPTOP-1C3AB0AA	Wed Nov 27 12:47:43 2019
	Shutting down the server with 1 active connection(s) to 1 database(s), 0 active service(s)


LAPTOP-1C3AB0AA	Wed Nov 27 12:48:44 2019
	Shutting down the server with 1 active connection(s) to 1 database(s), 0 active service(s)


LAPTOP-1C3AB0AA	Wed Nov 27 12:51:19 2019
	Shutting down the server with 1 active connection(s) to 1 database(s), 0 active service(s)


LAPTOP-1C3AB0AA	Wed Nov 27 12:56:17 2019
	Shutting down the server with 1 active connection(s) to 1 database(s), 0 active service(s)


LAPTOP-1C3AB0AA	Wed Nov 27 12:56:32 2019
	Shutting down the server with 1 active connection(s) to 1 database(s), 0 active service(s)


LAPTOP-1C3AB0AA	Wed Nov 27 12:56:49 2019
	Shutting down the server with 1 active connection(s) to 1 database(s), 0 active service(s)


LAPTOP-1C3AB0AA	Wed Nov 27 16:09:30 2019
	Shutting down the server with 1 active connection(s) to 1 database(s), 0 active service(s)


LAPTOP-1C3AB0AA	Wed Nov 27 16:09:39 2019
	Shutting down the server with 1 active connection(s) to 1 database(s), 0 active service(s)


LAPTOP-1C3AB0AA	Wed Nov 27 16:11:46 2019
	Shutting down the server with 1 active connection(s) to 1 database(s), 0 active service(s)


LAPTOP-1C3AB0AA	Wed Nov 27 16:12:02 2019
	Shutting down the server with 1 active connection(s) to 1 database(s), 0 active service(s)


LAPTOP-1C3AB0AA	Wed Nov 27 16:12:15 2019
	Shutting down the server with 1 active connection(s) to 1 database(s), 0 active service(s)


LAPTOP-1C3AB0AA	Wed Nov 27 16:13:57 2019
	Shutting down the server with 1 active connection(s) to 1 database(s), 0 active service(s)


LAPTOP-1C3AB0AA	Wed Nov 27 16:16:24 2019
	Shutting down the server with 1 active connection(s) to 1 database(s), 0 active service(s)


LAPTOP-1C3AB0AA	Wed Nov 27 16:16:29 2019
	Shutting down the server with 1 active connection(s) to 1 database(s), 0 active service(s)


LAPTOP-1C3AB0AA	Wed Nov 27 16:17:08 2019
	Shutting down the server with 1 active connection(s) to 1 database(s), 0 active service(s)


LAPTOP-1C3AB0AA	Wed Nov 27 16:18:42 2019
	Shutting down the server with 1 active connection(s) to 1 database(s), 0 active service(s)


LAPTOP-1C3AB0AA	Wed Nov 27 16:19:17 2019
	Shutting down the server with 1 active connection(s) to 1 database(s), 0 active service(s)


LAPTOP-1C3AB0AA	Wed Nov 27 16:19:47 2019
	Shutting down the server with 1 active connection(s) to 1 database(s), 0 active service(s)


LAPTOP-1C3AB0AA	Wed Nov 27 16:20:31 2019
	Shutting down the server with 1 active connection(s) to 1 database(s), 0 active service(s)


LAPTOP-1C3AB0AA	Wed Nov 27 16:21:48 2019
	Shutting down the server with 1 active connection(s) to 1 database(s), 0 active service(s)


LAPTOP-1C3AB0AA	Wed Nov 27 16:22:33 2019
	Shutting down the server with 1 active connection(s) to 1 database(s), 0 active service(s)


LAPTOP-1C3AB0AA	Wed Nov 27 16:24:17 2019
	Shutting down the server with 1 active connection(s) to 1 database(s), 0 active service(s)


LAPTOP-1C3AB0AA	Wed Nov 27 16:27:00 2019
	Shutting down the server with 1 active connection(s) to 1 database(s), 0 active service(s)


LAPTOP-1C3AB0AA	Wed Nov 27 16:52:04 2019
	Shutting down the server with 1 active connection(s) to 1 database(s), 0 active service(s)


LAPTOP-1C3AB0AA	Wed Nov 27 17:03:19 2019
	Shutting down the server with 1 active connection(s) to 1 database(s), 0 active service(s)


LAPTOP-1C3AB0AA	Wed Nov 27 17:25:11 2019
	Shutting down the server with 1 active connection(s) to 1 database(s), 0 active service(s)


LAPTOP-1C3AB0AA	Wed Nov 27 17:27:19 2019
	Shutting down the server with 1 active connection(s) to 1 database(s), 0 active service(s)


LAPTOP-1C3AB0AA	Wed Nov 27 17:30:40 2019
	Shutting down the server with 1 active connection(s) to 1 database(s), 0 active service(s)


LAPTOP-1C3AB0AA	Wed Nov 27 17:50:58 2019
	Shutting down the server with 1 active connection(s) to 1 database(s), 0 active service(s)


LAPTOP-1C3AB0AA	Wed Nov 27 18:10:08 2019
	Shutting down the server with 1 active connection(s) to 1 database(s), 0 active service(s)


LAPTOP-1C3AB0AA	Wed Nov 27 18:10:21 2019
	Shutting down the server with 1 active connection(s) to 1 database(s), 0 active service(s)


LAPTOP-1C3AB0AA	Wed Nov 27 18:11:13 2019
	Shutting down the server with 1 active connection(s) to 1 database(s), 0 active service(s)


LAPTOP-1C3AB0AA	Wed Nov 27 18:20:52 2019
	Shutting down the server with 1 active connection(s) to 1 database(s), 0 active service(s)


LAPTOP-1C3AB0AA	Wed Nov 27 18:22:07 2019
	Shutting down the server with 1 active connection(s) to 1 database(s), 0 active service(s)


LAPTOP-1C3AB0AA	Wed Nov 27 18:23:10 2019
	Shutting down the server with 1 active connection(s) to 1 database(s), 0 active service(s)


LAPTOP-1C3AB0AA	Wed Nov 27 18:59:05 2019
	Shutting down the server with 1 active connection(s) to 1 database(s), 0 active service(s)


LAPTOP-1C3AB0AA	Wed Nov 27 19:22:28 2019
	Shutting down the server with 1 active connection(s) to 1 database(s), 0 active service(s)


LAPTOP-1C3AB0AA	Wed Nov 27 19:22:44 2019
	Shutting down the server with 1 active connection(s) to 1 database(s), 0 active service(s)


LAPTOP-1C3AB0AA	Wed Nov 27 19:23:57 2019
	Shutting down the server with 1 active connection(s) to 1 database(s), 0 active service(s)


LAPTOP-1C3AB0AA	Wed Nov 27 19:31:38 2019
	Shutting down the server with 1 active connection(s) to 1 database(s), 0 active service(s)


LAPTOP-1C3AB0AA	Wed Nov 27 19:54:24 2019
	Shutting down the server with 1 active connection(s) to 1 database(s), 0 active service(s)


LAPTOP-1C3AB0AA	Wed Nov 27 19:55:27 2019
	Shutting down the server with 1 active connection(s) to 1 database(s), 0 active service(s)


LAPTOP-1C3AB0AA	Wed Nov 27 19:56:15 2019
	Shutting down the server with 1 active connection(s) to 1 database(s), 0 active service(s)


LAPTOP-1C3AB0AA	Wed Nov 27 19:56:42 2019
	Shutting down the server with 1 active connection(s) to 1 database(s), 0 active service(s)


LAPTOP-1C3AB0AA	Wed Nov 27 20:02:27 2019
	Shutting down the server with 1 active connection(s) to 1 database(s), 0 active service(s)


LAPTOP-1C3AB0AA	Wed Nov 27 20:04:21 2019
	Shutting down the server with 1 active connection(s) to 1 database(s), 0 active service(s)


LAPTOP-1C3AB0AA	Wed Nov 27 20:04:55 2019
	Shutting down the server with 1 active connection(s) to 1 database(s), 0 active service(s)


LAPTOP-1C3AB0AA	Wed Nov 27 20:05:21 2019
	Shutting down the server with 1 active connection(s) to 1 database(s), 0 active service(s)


LAPTOP-1C3AB0AA	Wed Nov 27 20:08:28 2019
	Shutting down the server with 1 active connection(s) to 1 database(s), 0 active service(s)


LAPTOP-1C3AB0AA	Wed Nov 27 20:12:05 2019
	Shutting down the server with 1 active connection(s) to 1 database(s), 0 active service(s)


LAPTOP-1C3AB0AA	Wed Nov 27 20:16:23 2019
	Shutting down the server with 1 active connection(s) to 1 database(s), 0 active service(s)


LAPTOP-1C3AB0AA	Wed Nov 27 20:17:10 2019
	Shutting down the server with 1 active connection(s) to 1 database(s), 0 active service(s)


LAPTOP-1C3AB0AA	Wed Nov 27 20:17:43 2019
	Shutting down the server with 1 active connection(s) to 1 database(s), 0 active service(s)


LAPTOP-1C3AB0AA	Wed Nov 27 20:18:14 2019
	Shutting down the server with 1 active connection(s) to 1 database(s), 0 active service(s)


LAPTOP-1C3AB0AA	Wed Nov 27 20:18:54 2019
	Shutting down the server with 1 active connection(s) to 1 database(s), 0 active service(s)


LAPTOP-1C3AB0AA	Wed Nov 27 20:20:02 2019
	Shutting down the server with 1 active connection(s) to 1 database(s), 0 active service(s)


LAPTOP-1C3AB0AA	Wed Nov 27 20:21:54 2019
	Shutting down the server with 1 active connection(s) to 1 database(s), 0 active service(s)


LAPTOP-1C3AB0AA	Wed Nov 27 20:22:11 2019
	Shutting down the server with 1 active connection(s) to 1 database(s), 0 active service(s)


LAPTOP-1C3AB0AA	Wed Nov 27 20:22:39 2019
	Shutting down the server with 1 active connection(s) to 1 database(s), 0 active service(s)


LAPTOP-1C3AB0AA	Wed Nov 27 20:24:06 2019
	Shutting down the server with 1 active connection(s) to 1 database(s), 0 active service(s)


LAPTOP-1C3AB0AA	Wed Nov 27 20:40:11 2019
	Shutting down the server with 1 active connection(s) to 1 database(s), 0 active service(s)


LAPTOP-1C3AB0AA	Wed Nov 27 20:50:51 2019
	Shutting down the server with 1 active connection(s) to 1 database(s), 0 active service(s)


LAPTOP-1C3AB0AA	Wed Nov 27 20:51:44 2019
	Shutting down the server with 1 active connection(s) to 1 database(s), 0 active service(s)


LAPTOP-1C3AB0AA	Wed Nov 27 20:52:43 2019
	Shutting down the server with 1 active connection(s) to 1 database(s), 0 active service(s)


LAPTOP-1C3AB0AA	Wed Nov 27 20:54:49 2019
	Shutting down the server with 1 active connection(s) to 1 database(s), 0 active service(s)


LAPTOP-1C3AB0AA	Wed Nov 27 20:57:46 2019
	Shutting down the server with 1 active connection(s) to 1 database(s), 0 active service(s)


LAPTOP-1C3AB0AA	Wed Nov 27 20:58:01 2019
	Shutting down the server with 1 active connection(s) to 1 database(s), 0 active service(s)


LAPTOP-1C3AB0AA	Wed Nov 27 20:58:21 2019
	Shutting down the server with 1 active connection(s) to 1 database(s), 0 active service(s)


LAPTOP-1C3AB0AA	Wed Nov 27 20:58:25 2019
	Shutting down the server with 1 active connection(s) to 1 database(s), 0 active service(s)


LAPTOP-1C3AB0AA	Thu Nov 28 14:59:39 2019
	Shutting down the server with 1 active connection(s) to 1 database(s), 0 active service(s)


LAPTOP-1C3AB0AA	Thu Nov 28 20:14:12 2019
	Shutting down the server with 1 active connection(s) to 1 database(s), 0 active service(s)


LAPTOP-1C3AB0AA	Thu Nov 28 20:14:36 2019
	Shutting down the server with 1 active connection(s) to 1 database(s), 0 active service(s)


LAPTOP-1C3AB0AA	Thu Nov 28 20:23:59 2019
	Shutting down the server with 1 active connection(s) to 1 database(s), 0 active service(s)


LAPTOP-1C3AB0AA	Thu Nov 28 20:27:18 2019
	Shutting down the server with 1 active connection(s) to 1 database(s), 0 active service(s)


LAPTOP-1C3AB0AA	Thu Nov 28 20:27:41 2019
	Shutting down the server with 1 active connection(s) to 1 database(s), 0 active service(s)


LAPTOP-1C3AB0AA	Thu Nov 28 20:28:26 2019
	Shutting down the server with 1 active connection(s) to 1 database(s), 0 active service(s)


LAPTOP-1C3AB0AA	Thu Nov 28 20:29:38 2019
	Shutting down the server with 1 active connection(s) to 1 database(s), 0 active service(s)


LAPTOP-1C3AB0AA	Thu Nov 28 20:33:38 2019
	Shutting down the server with 1 active connection(s) to 1 database(s), 0 active service(s)


LAPTOP-1C3AB0AA	Thu Nov 28 20:34:40 2019
	Shutting down the server with 1 active connection(s) to 1 database(s), 0 active service(s)


LAPTOP-1C3AB0AA	Thu Nov 28 20:35:41 2019
	Shutting down the server with 1 active connection(s) to 1 database(s), 0 active service(s)


LAPTOP-1C3AB0AA	Thu Nov 28 20:36:11 2019
	Shutting down the server with 1 active connection(s) to 1 database(s), 0 active service(s)


LAPTOP-1C3AB0AA	Thu Nov 28 20:37:25 2019
	Shutting down the server with 1 active connection(s) to 1 database(s), 0 active service(s)


LAPTOP-1C3AB0AA	Thu Nov 28 20:39:42 2019
	Shutting down the server with 1 active connection(s) to 1 database(s), 0 active service(s)


LAPTOP-1C3AB0AA	Thu Nov 28 20:40:24 2019
	Shutting down the server with 1 active connection(s) to 1 database(s), 0 active service(s)


LAPTOP-1C3AB0AA	Thu Nov 28 20:40:52 2019
	Shutting down the server with 1 active connection(s) to 1 database(s), 0 active service(s)


LAPTOP-1C3AB0AA	Thu Nov 28 20:41:23 2019
	Shutting down the server with 1 active connection(s) to 1 database(s), 0 active service(s)


LAPTOP-1C3AB0AA	Thu Nov 28 20:46:07 2019
	Shutting down the server with 1 active connection(s) to 1 database(s), 0 active service(s)


LAPTOP-1C3AB0AA	Thu Nov 28 20:49:35 2019
	Shutting down the server with 1 active connection(s) to 1 database(s), 0 active service(s)


LAPTOP-1C3AB0AA	Thu Nov 28 20:51:58 2019
	Shutting down the server with 1 active connection(s) to 1 database(s), 0 active service(s)


LAPTOP-1C3AB0AA	Thu Nov 28 20:56:11 2019
	Shutting down the server with 1 active connection(s) to 1 database(s), 0 active service(s)


LAPTOP-1C3AB0AA	Thu Nov 28 20:56:46 2019
	Shutting down the server with 1 active connection(s) to 1 database(s), 0 active service(s)


LAPTOP-1C3AB0AA	Thu Nov 28 20:57:34 2019
	Shutting down the server with 1 active connection(s) to 1 database(s), 0 active service(s)


LAPTOP-1C3AB0AA	Thu Nov 28 20:57:59 2019
	Shutting down the server with 1 active connection(s) to 1 database(s), 0 active service(s)


LAPTOP-1C3AB0AA	Thu Nov 28 20:59:47 2019
	Shutting down the server with 1 active connection(s) to 1 database(s), 0 active service(s)


LAPTOP-1C3AB0AA	Thu Nov 28 21:04:58 2019
	Shutting down the server with 1 active connection(s) to 1 database(s), 0 active service(s)


LAPTOP-1C3AB0AA	Thu Nov 28 21:11:42 2019
	Shutting down the server with 1 active connection(s) to 1 database(s), 0 active service(s)


LAPTOP-1C3AB0AA	Thu Nov 28 21:12:44 2019
	Shutting down the server with 1 active connection(s) to 1 database(s), 0 active service(s)


LAPTOP-1C3AB0AA	Thu Nov 28 21:12:59 2019
	Shutting down the server with 1 active connection(s) to 1 database(s), 0 active service(s)


LAPTOP-1C3AB0AA	Thu Nov 28 21:13:09 2019
	Shutting down the server with 1 active connection(s) to 1 database(s), 0 active service(s)


LAPTOP-1C3AB0AA	Thu Nov 28 21:13:25 2019
	Shutting down the server with 1 active connection(s) to 1 database(s), 0 active service(s)


LAPTOP-1C3AB0AA	Thu Nov 28 21:13:39 2019
	Shutting down the server with 1 active connection(s) to 1 database(s), 0 active service(s)


LAPTOP-1C3AB0AA	Thu Nov 28 21:14:30 2019
	Shutting down the server with 1 active connection(s) to 1 database(s), 0 active service(s)


LAPTOP-1C3AB0AA	Thu Nov 28 21:15:09 2019
	Shutting down the server with 1 active connection(s) to 1 database(s), 0 active service(s)


LAPTOP-1C3AB0AA	Thu Nov 28 21:15:46 2019
	Shutting down the server with 1 active connection(s) to 1 database(s), 0 active service(s)


LAPTOP-1C3AB0AA	Thu Nov 28 21:15:58 2019
	Shutting down the server with 1 active connection(s) to 1 database(s), 0 active service(s)


LAPTOP-1C3AB0AA	Thu Nov 28 21:16:07 2019
	Shutting down the server with 1 active connection(s) to 1 database(s), 0 active service(s)


LAPTOP-1C3AB0AA	Thu Nov 28 21:16:29 2019
	Shutting down the server with 1 active connection(s) to 1 database(s), 0 active service(s)


LAPTOP-1C3AB0AA	Thu Nov 28 21:16:43 2019
	Shutting down the server with 1 active connection(s) to 1 database(s), 0 active service(s)


LAPTOP-1C3AB0AA	Thu Nov 28 21:18:07 2019
	Shutting down the server with 1 active connection(s) to 1 database(s), 0 active service(s)


LAPTOP-1C3AB0AA	Thu Nov 28 21:18:27 2019
	Shutting down the server with 1 active connection(s) to 1 database(s), 0 active service(s)


LAPTOP-1C3AB0AA	Thu Nov 28 21:18:43 2019
	Shutting down the server with 1 active connection(s) to 1 database(s), 0 active service(s)


LAPTOP-1C3AB0AA	Thu Nov 28 21:20:35 2019
	Shutting down the server with 1 active connection(s) to 1 database(s), 0 active service(s)


LAPTOP-1C3AB0AA	Thu Nov 28 21:25:01 2019
	Shutting down the server with 1 active connection(s) to 1 database(s), 0 active service(s)


LAPTOP-1C3AB0AA	Thu Nov 28 21:26:27 2019
	Shutting down the server with 1 active connection(s) to 1 database(s), 0 active service(s)


LAPTOP-1C3AB0AA	Thu Nov 28 21:27:40 2019
	Shutting down the server with 1 active connection(s) to 1 database(s), 0 active service(s)


LAPTOP-1C3AB0AA	Thu Nov 28 21:34:50 2019
	Shutting down the server with 1 active connection(s) to 1 database(s), 0 active service(s)


LAPTOP-1C3AB0AA	Thu Nov 28 21:37:25 2019
	Shutting down the server with 1 active connection(s) to 1 database(s), 0 active service(s)


LAPTOP-1C3AB0AA	Thu Nov 28 22:54:07 2019
	Shutting down the server with 1 active connection(s) to 1 database(s), 0 active service(s)


LAPTOP-1C3AB0AA	Fri Nov 29 00:42:19 2019
	Shutting down the server with 0 active connection(s) to 0 database(s), 2 active service(s)


LAPTOP-1C3AB0AA	Fri Nov 29 20:56:03 2019
	Shutting down the server with 1 active connection(s) to 1 database(s), 0 active service(s)


LAPTOP-1C3AB0AA	Fri Nov 29 21:30:52 2019
	Shutting down the server with 1 active connection(s) to 1 database(s), 0 active service(s)


LAPTOP-1C3AB0AA	Fri Nov 29 21:31:35 2019
	Shutting down the server with 1 active connection(s) to 1 database(s), 0 active service(s)


LAPTOP-1C3AB0AA	Sat Nov 30 20:13:34 2019
	Modifying procedure ADDRECORD which is currently in use by active user requests


LAPTOP-1C3AB0AA	Sat Nov 30 21:32:18 2019
	Modifying procedure ADDRECORD1 which is currently in use by active user requests


LAPTOP-1C3AB0AA	Sat Nov 30 22:42:47 2019
	Shutting down the server with 1 active connection(s) to 1 database(s), 0 active service(s)


LAPTOP-1C3AB0AA	Sat Nov 30 22:45:53 2019
	Shutting down the server with 1 active connection(s) to 1 database(s), 0 active service(s)


LAPTOP-1C3AB0AA	Mon Dec 02 21:07:05 2019
	Shutting down the server with 0 active connection(s) to 0 database(s), 1 active service(s)


LAPTOP-1C3AB0AA	Tue Dec 03 12:39:30 2019
	Shutting down the server with 0 active connection(s) to 0 database(s), 1 active service(s)


LAPTOP-1C3AB0AA	Tue Dec 03 21:06:12 2019
	Modifying procedure SP_ADD which is currently in use by active user requests


LAPTOP-1C3AB0AA	Tue Dec 03 22:44:33 2019
	Deleting procedure SIMPLE_SELECT_SP1 which is currently in use by active user requests


LAPTOP-1C3AB0AA	Wed Dec 04 04:02:24 2019
	Shutting down the server with 1 active connection(s) to 1 database(s), 0 active service(s)


LAPTOP-1C3AB0AA	Wed Dec 04 06:26:17 2019
	Shutting down the server with 0 active connection(s) to 0 database(s), 2 active service(s)

